*** Using Compiler 'V5.06 update 7 (build 960)', folder: 'D:\Keil_v5\ARM\ARMCC\Bin'
Rebuild target 'standard_robot'
assembling startup_stm32f407xx.s...
compiling can.c...
compiling crc.c...
compiling usart.c...
compiling adc.c...
compiling usb_device.c...
compiling rtc.c...
compiling gpio.c...
compiling tim.c...
compiling usbd_conf.c...
compiling usbd_desc.c...
compiling freertos.c...
compiling rng.c...
compiling spi.c...
compiling i2c.c...
compiling dma.c...
compiling main.c...
compiling stm32f4xx_hal_pcd.c...
compiling usbd_cdc_if.c...
compiling stm32f4xx_hal_pcd_ex.c...
compiling stm32f4xx_hal_rtc_ex.c...
compiling stm32f4xx_ll_usb.c...
compiling stm32f4xx_hal_msp.c...
compiling stm32f4xx_hal_adc.c...
compiling stm32f4xx_hal_i2c_ex.c...
compiling stm32f4xx_hal_crc.c...
compiling stm32f4xx_it.c...
compiling stm32f4xx_hal_can.c...
compiling stm32f4xx_hal_adc_ex.c...
compiling stm32f4xx_hal_rng.c...
compiling stm32f4xx_hal_rtc.c...
compiling stm32f4xx_hal_i2c.c...
compiling stm32f4xx_hal_spi.c...
compiling stm32f4xx_hal_rcc_ex.c...
compiling stm32f4xx_hal_cortex.c...
compiling stm32f4xx_hal_dma_ex.c...
compiling stm32f4xx_hal_tim_ex.c...
compiling croutine.c...
compiling stm32f4xx_hal_flash_ramfunc.c...
compiling event_groups.c...
compiling stm32f4xx_hal_pwr_ex.c...
compiling list.c...
compiling stm32f4xx_hal_gpio.c...
compiling stream_buffer.c...
compiling queue.c...
compiling timers.c...
compiling stm32f4xx_hal_uart.c...
compiling tasks.c...
compiling heap_4.c...
compiling stm32f4xx_hal_flash_ex.c...
compiling cmsis_os.c...
compiling stm32f4xx_hal_exti.c...
compiling stm32f4xx_hal_flash.c...
compiling port.c...
compiling stm32f4xx_hal_pwr.c...
compiling stm32f4xx_hal_rcc.c...
compiling stm32f4xx_hal_tim.c...
compiling stm32f4xx_hal.c...
compiling stm32f4xx_hal_dma.c...
compiling system_stm32f4xx.c...
compiling bsp_i2c.c...
compiling usbd_cdc.c...
compiling bsp_laser.c...
compiling usbd_ioreq.c...
compiling bsp_flash.c...
compiling calibrate_task.c...
compiling bsp_delay.c...
compiling chassis_behaviour.c...
..\application\chassis_behaviour.c(256): warning:  #223-D: function "abs" declared implicitly
              if (abs(chassis_move_mode->chassis_yaw_motor->gimbal_motor_measure->ecd - (MIDDLE_YAW + 1024)) < 50)
..\application\chassis_behaviour.c(446): warning:  #177-D: variable "add_time"  was declared but never referenced
      static fp32 const add_time = PI * 0.5f * configTICK_RATE_HZ / CHASSIS_CONTROL_TIME_MS;
..\application\chassis_behaviour.c(511): warning:  #177-D: variable "max_angle"  was declared but never referenced
      static fp32 max_angle = SWING_NO_MOVE_ANGLE;
..\application\chassis_behaviour.c(514): warning:  #177-D: variable "add_time"  was declared but never referenced
      static fp32 const add_time = PI * 0.5f * configTICK_RATE_HZ / CHASSIS_CONTROL_TIME_MS;
..\application\chassis_behaviour.c(168): warning:  #177-D: function "chassis_engineer_follow_chassis_yaw_control"  was declared but never referenced
  static void chassis_engineer_follow_chassis_yaw_control(fp32 *vx_set, fp32 *vy_set, fp32 *angle_set, chassis_move_t *chassis_move_rc_to_vector);
..\application\chassis_behaviour.c(188): warning:  #177-D: function "chassis_no_follow_yaw_control"  was declared but never referenced
  static void chassis_no_follow_yaw_control(fp32 *vx_set, fp32 *vy_set, fp32 *wz_set, chassis_move_t *chassis_move_rc_to_vector);
..\application\chassis_behaviour.c(208): warning:  #177-D: function "chassis_open_set_control"  was declared but never referenced
  static void chassis_open_set_control(fp32 *vx_set, fp32 *vy_set, fp32 *wz_set, chassis_move_t *chassis_move_rc_to_vector);
..\application\chassis_behaviour.c: 7 warnings, 0 errors
compiling bsp_adc.c...
compiling bsp_rc.c...
compiling detect_task.c...
compiling gimbal_behaviour.c...
..\application\gimbal_behaviour.c(281): warning:  #177-D: function "gimbal_autoaim_control"  was declared but never referenced
  static void gimbal_autoaim_control(fp32 *yaw, fp32 *pitch, gimbal_control_t *gimbal_control_set);
..\application\gimbal_behaviour.c: 1 warning, 0 errors
compiling bsp_buzzer.c...
compiling bsp_crc32.c...
compiling bsp_led.c...
compiling bsp_can.c...
compiling usbd_core.c...
compiling bsp_imu_pwm.c...
compiling usbd_ctlreq.c...
compiling bsp_rng.c...
compiling bsp_usart.c...
compiling bsp_servo_pwm.c...
compiling chassis_task.c...
..\application\referee.h(57): warning:  #1295-D: Deprecated declaration send_five_graphic - give arg types
  void send_five_graphic();
..\application\referee.h(59): warning:  #1295-D: Deprecated declaration send_pitch_data - give arg types
  void send_pitch_data();
..\application\referee.h(62): warning:  #1295-D: Deprecated declaration send_string_test - give arg types
  void send_string_test();
..\application\referee.h(63): warning:  #1295-D: Deprecated declaration send_autoaim_state - give arg types
  void send_autoaim_state();
..\application\referee.h(64): warning:  #1295-D: Deprecated declaration send_double_text - give arg types
  void send_double_text();
..\application\chassis_task.c: 5 warnings, 0 errors
compiling referee.c...
..\application\referee.h(57): warning:  #1295-D: Deprecated declaration send_five_graphic - give arg types
  void send_five_graphic();
..\application\referee.h(59): warning:  #1295-D: Deprecated declaration send_pitch_data - give arg types
  void send_pitch_data();
..\application\referee.h(62): warning:  #1295-D: Deprecated declaration send_string_test - give arg types
  void send_string_test();
..\application\referee.h(63): warning:  #1295-D: Deprecated declaration send_autoaim_state - give arg types
  void send_autoaim_state();
..\application\referee.h(64): warning:  #1295-D: Deprecated declaration send_double_text - give arg types
  void send_double_text();
..\application\referee.c(997): warning:  #223-D: function "usart6_tx_dma_enable" declared implicitly
  	usart6_tx_dma_enable(Personal_Data, sizeof(robot_data));
..\application\referee.c(1021): warning:  #223-D: function "usart6_tx_dma_enable" declared implicitly
  	usart6_tx_dma_enable(Personal_Data, sizeof(robot_data));
..\application\referee.c(1044): warning:  #223-D: function "usart6_tx_dma_enable" declared implicitly
  	usart6_tx_dma_enable(Personal_Data, sizeof(robot_data));//将定制好的图形数据传输出去
..\application\referee.c(1066): warning:  #223-D: function "usart6_tx_dma_enable" declared implicitly
  	usart6_tx_dma_enable(Personal_Data, sizeof(robot_data));//将定制好的图形数据传输出去
..\application\referee.c(1089): warning:  #223-D: function "usart6_tx_dma_enable" declared implicitly
  	usart6_tx_dma_enable(Personal_Data, sizeof(robot_data));//将定制好的图形数据传输出去
..\application\referee.c: 10 warnings, 0 errors
compiling chassis_power_control.c...
..\application\referee.h(57): warning:  #1295-D: Deprecated declaration send_five_graphic - give arg types
  void send_five_graphic();
..\application\referee.h(59): warning:  #1295-D: Deprecated declaration send_pitch_data - give arg types
  void send_pitch_data();
..\application\referee.h(62): warning:  #1295-D: Deprecated declaration send_string_test - give arg types
  void send_string_test();
..\application\referee.h(63): warning:  #1295-D: Deprecated declaration send_autoaim_state - give arg types
  void send_autoaim_state();
..\application\referee.h(64): warning:  #1295-D: Deprecated declaration send_double_text - give arg types
  void send_double_text();
..\application\chassis_power_control.c: 5 warnings, 0 errors
compiling gimbal_task.c...
..\application\referee.h(57): warning:  #1295-D: Deprecated declaration send_five_graphic - give arg types
  void send_five_graphic();
..\application\referee.h(59): warning:  #1295-D: Deprecated declaration send_pitch_data - give arg types
  void send_pitch_data();
..\application\referee.h(62): warning:  #1295-D: Deprecated declaration send_string_test - give arg types
  void send_string_test();
..\application\referee.h(63): warning:  #1295-D: Deprecated declaration send_autoaim_state - give arg types
  void send_autoaim_state();
..\application\referee.h(64): warning:  #1295-D: Deprecated declaration send_double_text - give arg types
  void send_double_text();
..\application\gimbal_task.c: 5 warnings, 0 errors
compiling oled_task.c...
compiling bsp_spi.c...
compiling led_flow_task.c...
compiling CAN_receive.c...
compiling ist8310driver.c...
compiling servo_task.c...
compiling INS_task.c...
compiling remote_control.c...
compiling user_lib.c...
compiling shoot.c...
..\application\referee.h(57): warning:  #1295-D: Deprecated declaration send_five_graphic - give arg types
  void send_five_graphic();
..\application\referee.h(59): warning:  #1295-D: Deprecated declaration send_pitch_data - give arg types
  void send_pitch_data();
..\application\referee.h(62): warning:  #1295-D: Deprecated declaration send_string_test - give arg types
  void send_string_test();
..\application\referee.h(63): warning:  #1295-D: Deprecated declaration send_autoaim_state - give arg types
  void send_autoaim_state();
..\application\referee.h(64): warning:  #1295-D: Deprecated declaration send_double_text - give arg types
  void send_double_text();
..\application\shoot.c: 5 warnings, 0 errors
compiling supercap_task.c...
..\application\referee.h(57): warning:  #1295-D: Deprecated declaration send_five_graphic - give arg types
  void send_five_graphic();
..\application\referee.h(59): warning:  #1295-D: Deprecated declaration send_pitch_data - give arg types
  void send_pitch_data();
..\application\referee.h(62): warning:  #1295-D: Deprecated declaration send_string_test - give arg types
  void send_string_test();
..\application\referee.h(63): warning:  #1295-D: Deprecated declaration send_autoaim_state - give arg types
  void send_autoaim_state();
..\application\referee.h(64): warning:  #1295-D: Deprecated declaration send_double_text - give arg types
  void send_double_text();
..\application\supercap_task.c: 5 warnings, 0 errors
compiling test_task.c...
compiling referee_usart_task.c...
..\application\referee.h(57): warning:  #1295-D: Deprecated declaration send_five_graphic - give arg types
  void send_five_graphic();
..\application\referee.h(59): warning:  #1295-D: Deprecated declaration send_pitch_data - give arg types
  void send_pitch_data();
..\application\referee.h(62): warning:  #1295-D: Deprecated declaration send_string_test - give arg types
  void send_string_test();
..\application\referee.h(63): warning:  #1295-D: Deprecated declaration send_autoaim_state - give arg types
  void send_autoaim_state();
..\application\referee.h(64): warning:  #1295-D: Deprecated declaration send_double_text - give arg types
  void send_double_text();
..\application\referee_usart_task.c: 5 warnings, 0 errors
compiling usart_debug.c...
compiling autoaim.c...
..\application\referee.h(57): warning:  #1295-D: Deprecated declaration send_five_graphic - give arg types
  void send_five_graphic();
..\application\referee.h(59): warning:  #1295-D: Deprecated declaration send_pitch_data - give arg types
  void send_pitch_data();
..\application\referee.h(62): warning:  #1295-D: Deprecated declaration send_string_test - give arg types
  void send_string_test();
..\application\referee.h(63): warning:  #1295-D: Deprecated declaration send_autoaim_state - give arg types
  void send_autoaim_state();
..\application\referee.h(64): warning:  #1295-D: Deprecated declaration send_double_text - give arg types
  void send_double_text();
..\application\autoaim.c: 5 warnings, 0 errors
compiling voltage_task.c...
compiling BMI088driver.c...
compiling OLED.c...
compiling usb_task.c...
compiling CRC8_CRC16.c...
compiling mem_mang4.c...
compiling fifo.c...
compiling AHRS_middleware.c...
compiling pid.c...
compiling BMI088Middleware.c...
compiling ist8310driver_middleware.c...
linking...
Program Size: Code=113620 RO-data=14580 RW-data=1452 ZI-data=61164  
FromELF: creating hex file...
"standard_tpye_c\standard_tpye_c.axf" - 0 Error(s), 53 Warning(s).
Build Time Elapsed:  00:00:47
